已經開始建置於 3/27/2014 11:48:01 AM。
     1>節點 2 (build 目標) 上的專案 "C:\Users\Jack\Desktop\Research\hskl\samples\HandTrackViewer\HandTrackViewer.vcxproj"。
     1>InitializeBuildStatus:
         由於指定了 "AlwaysCreate"，因此正在建立 "..\..\obj\HandTrackViewer\Debugx64\HandTrackViewer.unsuccessfulbuild"。
       ClCompile:
         c:\Program Files (x86)\Microsoft Visual Studio 10.0\VC\bin\x86_amd64\CL.exe /c /I..\..\include\ /I"C:\Program Files\boost\boost_1_55_0" /Zi /nologo /W3 /WX- /Od /D _CRT_SECURE_NO_WARNINGS /D WIN32 /D _DEBUG /D _WINDOWS /D _UNICODE /D UNICODE /Gm /EHsc /RTC1 /MDd /GS /fp:precise /Zc:wchar_t /Zc:forScope /Fo"..\..\obj\HandTrackViewer\Debugx64\\" /Fd"..\..\obj\HandTrackViewer\Debugx64\vc100.pdb" /Gd /TP /errorReport:prompt HandTrackViewer.cpp
         HandTrackViewer.cpp
     1>HandTrackViewer.cpp(97): warning C4305: '引數' : 從 'double' 轉換為 'GLfloat'，是由較大的型別轉換為較小的型別，可能導致資料遺失
     1>HandTrackViewer.cpp(97): warning C4305: '引數' : 從 'double' 轉換為 'GLfloat'，是由較大的型別轉換為較小的型別，可能導致資料遺失
     1>HandTrackViewer.cpp(98): warning C4305: '引數' : 從 'double' 轉換為 'GLfloat'，是由較大的型別轉換為較小的型別，可能導致資料遺失
     1>HandTrackViewer.cpp(98): warning C4305: '引數' : 從 'double' 轉換為 'GLfloat'，是由較大的型別轉換為較小的型別，可能導致資料遺失
     1>HandTrackViewer.cpp(101): warning C4305: '引數' : 從 'double' 轉換為 'GLfloat'，是由較大的型別轉換為較小的型別，可能導致資料遺失
     1>HandTrackViewer.cpp(101): warning C4305: '引數' : 從 'double' 轉換為 'GLfloat'，是由較大的型別轉換為較小的型別，可能導致資料遺失
     1>HandTrackViewer.cpp(102): warning C4305: '引數' : 從 'double' 轉換為 'GLfloat'，是由較大的型別轉換為較小的型別，可能導致資料遺失
     1>HandTrackViewer.cpp(102): warning C4305: '引數' : 從 'double' 轉換為 'GLfloat'，是由較大的型別轉換為較小的型別，可能導致資料遺失
     1>HandTrackViewer.cpp(105): warning C4305: '引數' : 從 'double' 轉換為 'GLfloat'，是由較大的型別轉換為較小的型別，可能導致資料遺失
     1>HandTrackViewer.cpp(105): warning C4305: '引數' : 從 'double' 轉換為 'GLfloat'，是由較大的型別轉換為較小的型別，可能導致資料遺失
     1>HandTrackViewer.cpp(105): warning C4244: '引數' : 將 'double' 轉換為 'GLfloat'，由於型別不同，可能導致資料遺失
     1>HandTrackViewer.cpp(106): warning C4305: '引數' : 從 'double' 轉換為 'GLfloat'，是由較大的型別轉換為較小的型別，可能導致資料遺失
     1>HandTrackViewer.cpp(106): warning C4305: '引數' : 從 'double' 轉換為 'GLfloat'，是由較大的型別轉換為較小的型別，可能導致資料遺失
     1>HandTrackViewer.cpp(106): warning C4244: '引數' : 將 'double' 轉換為 'GLfloat'，由於型別不同，可能導致資料遺失
     1>HandTrackViewer.cpp(109): warning C4305: '引數' : 從 'double' 轉換為 'GLfloat'，是由較大的型別轉換為較小的型別，可能導致資料遺失
     1>HandTrackViewer.cpp(109): warning C4305: '引數' : 從 'double' 轉換為 'GLfloat'，是由較大的型別轉換為較小的型別，可能導致資料遺失
     1>HandTrackViewer.cpp(109): warning C4244: '引數' : 將 'double' 轉換為 'GLfloat'，由於型別不同，可能導致資料遺失
     1>HandTrackViewer.cpp(110): warning C4305: '引數' : 從 'double' 轉換為 'GLfloat'，是由較大的型別轉換為較小的型別，可能導致資料遺失
     1>HandTrackViewer.cpp(110): warning C4305: '引數' : 從 'double' 轉換為 'GLfloat'，是由較大的型別轉換為較小的型別，可能導致資料遺失
     1>HandTrackViewer.cpp(110): warning C4244: '引數' : 將 'double' 轉換為 'GLfloat'，由於型別不同，可能導致資料遺失
     1>HandTrackViewer.cpp(113): warning C4305: '引數' : 從 'double' 轉換為 'GLfloat'，是由較大的型別轉換為較小的型別，可能導致資料遺失
     1>HandTrackViewer.cpp(113): warning C4305: '引數' : 從 'double' 轉換為 'GLfloat'，是由較大的型別轉換為較小的型別，可能導致資料遺失
     1>HandTrackViewer.cpp(113): warning C4244: '引數' : 將 'double' 轉換為 'GLfloat'，由於型別不同，可能導致資料遺失
     1>HandTrackViewer.cpp(114): warning C4305: '引數' : 從 'double' 轉換為 'GLfloat'，是由較大的型別轉換為較小的型別，可能導致資料遺失
     1>HandTrackViewer.cpp(114): warning C4305: '引數' : 從 'double' 轉換為 'GLfloat'，是由較大的型別轉換為較小的型別，可能導致資料遺失
     1>HandTrackViewer.cpp(114): warning C4244: '引數' : 將 'double' 轉換為 'GLfloat'，由於型別不同，可能導致資料遺失
     1>HandTrackViewer.cpp(117): warning C4305: '引數' : 從 'double' 轉換為 'GLfloat'，是由較大的型別轉換為較小的型別，可能導致資料遺失
     1>HandTrackViewer.cpp(117): warning C4305: '引數' : 從 'double' 轉換為 'GLfloat'，是由較大的型別轉換為較小的型別，可能導致資料遺失
     1>HandTrackViewer.cpp(117): warning C4244: '引數' : 將 'double' 轉換為 'GLfloat'，由於型別不同，可能導致資料遺失
     1>HandTrackViewer.cpp(118): warning C4305: '引數' : 從 'double' 轉換為 'GLfloat'，是由較大的型別轉換為較小的型別，可能導致資料遺失
     1>HandTrackViewer.cpp(118): warning C4305: '引數' : 從 'double' 轉換為 'GLfloat'，是由較大的型別轉換為較小的型別，可能導致資料遺失
     1>HandTrackViewer.cpp(118): warning C4244: '引數' : 將 'double' 轉換為 'GLfloat'，由於型別不同，可能導致資料遺失
     1>HandTrackViewer.cpp(130): warning C4101: 'bytesSent' : 未參考的區域變數
     1>HandTrackViewer.cpp(285): warning C4305: '引數' : 從 'double' 轉換為 'GLfloat'，是由較大的型別轉換為較小的型別，可能導致資料遺失
     1>HandTrackViewer.cpp(285): warning C4244: '引數' : 將 'double' 轉換為 'GLfloat'，由於型別不同，可能導致資料遺失
     1>HandTrackViewer.cpp(285): warning C4244: '引數' : 將 'double' 轉換為 'GLfloat'，由於型別不同，可能導致資料遺失
     1>HandTrackViewer.cpp(286): warning C4305: '引數' : 從 'double' 轉換為 'GLfloat'，是由較大的型別轉換為較小的型別，可能導致資料遺失
     1>HandTrackViewer.cpp(286): warning C4244: '引數' : 將 'double' 轉換為 'GLfloat'，由於型別不同，可能導致資料遺失
     1>HandTrackViewer.cpp(286): warning C4244: '引數' : 將 'double' 轉換為 'GLfloat'，由於型別不同，可能導致資料遺失
     1>HandTrackViewer.cpp(287): warning C4305: '引數' : 從 'double' 轉換為 'GLfloat'，是由較大的型別轉換為較小的型別，可能導致資料遺失
     1>HandTrackViewer.cpp(287): warning C4244: '引數' : 將 'double' 轉換為 'GLfloat'，由於型別不同，可能導致資料遺失
     1>HandTrackViewer.cpp(287): warning C4244: '引數' : 將 'double' 轉換為 'GLfloat'，由於型別不同，可能導致資料遺失
     1>HandTrackViewer.cpp(288): warning C4305: '引數' : 從 'double' 轉換為 'GLfloat'，是由較大的型別轉換為較小的型別，可能導致資料遺失
     1>HandTrackViewer.cpp(288): warning C4244: '引數' : 將 'double' 轉換為 'GLfloat'，由於型別不同，可能導致資料遺失
     1>HandTrackViewer.cpp(288): warning C4244: '引數' : 將 'double' 轉換為 'GLfloat'，由於型別不同，可能導致資料遺失
     1>HandTrackViewer.cpp(584): warning C4101: 'input' : 未參考的區域變數
     1>HandTrackViewer.cpp(582): warning C4101: 'keyPress' : 未參考的區域變數
       Link:
         c:\Program Files (x86)\Microsoft Visual Studio 10.0\VC\bin\x86_amd64\link.exe /ERRORREPORT:PROMPT /OUT:"..\..\bin\x64\HandTrackViewerDebug.exe" /INCREMENTAL:NO /NOLOGO /LIBPATH:..\..\lib\ hskl.lib freeglut.lib opengl32.lib glu32.lib winmm.lib kernel32.lib user32.lib gdi32.lib winspool.lib comdlg32.lib advapi32.lib shell32.lib ole32.lib oleaut32.lib uuid.lib odbc32.lib odbccp32.lib /MANIFEST /ManifestFile:"..\..\obj\HandTrackViewer\Debugx64\HandTrackViewerDebug.exe.intermediate.manifest" /MANIFESTUAC:"level='asInvoker' uiAccess='false'" /DEBUG /PDB:"C:\Users\Jack\Desktop\Research\hskl\bin\x64\HandTrackViewerDebug.pdb" /SUBSYSTEM:CONSOLE /TLBID:1 /DYNAMICBASE /NXCOMPAT /IMPLIB:"..\..\bin\x64\HandTrackViewerDebug.lib" /MACHINE:X64 ..\..\obj\HandTrackViewer\Debugx64\RtMidi.obj
         ..\..\obj\HandTrackViewer\Debugx64\HandTrackViewer.obj
     1>MSVCRTD.lib(cinitexe.obj) : warning LNK4098: 預設的程式庫 'libcmtd.lib' 與其他使用的程式庫衝突，請使用 /NODEFAULTLIB:library
         HandTrackViewer.vcxproj -> C:\Users\Jack\Desktop\Research\hskl\samples\HandTrackViewer\..\..\bin\x64\HandTrackViewerDebug.exe
       Manifest:
         C:\Program Files (x86)\Microsoft SDKs\Windows\v7.0A\bin\mt.exe /nologo /verbose /outputresource:"..\..\bin\x64\HandTrackViewerDebug.exe;#1" /manifest ..\..\obj\HandTrackViewer\Debugx64\HandTrackViewerDebug.exe.intermediate.manifest
       FinalizeBuildStatus:
         正在刪除檔案 "..\..\obj\HandTrackViewer\Debugx64\HandTrackViewer.unsuccessfulbuild"。
         正在變更時間戳記 "..\..\obj\HandTrackViewer\Debugx64\HandTrackViewer.lastbuildstate"。
     1>專案 "C:\Users\Jack\Desktop\Research\hskl\samples\HandTrackViewer\HandTrackViewer.vcxproj" (build 目標) 建置完成。

建置成功。

經過時間 00:00:01.32
